<?xml version="1.0" encoding="UTF-8"?>
<testng-results skipped="0" failed="0" total="1" passed="1">
  <reporter-output>
  </reporter-output>
  <suite name="Default suite" duration-ms="33916" started-at="2020-03-10T18:08:33Z" finished-at="2020-03-10T18:09:07Z">
    <groups>
      <group name="cucumber">
        <method signature="AbstractTestNGCucumberTests.feature(cucumber.api.testng.CucumberFeatureWrapper)[pri:0, instance:runners.MainRunner@5f2108b5]" name="feature" class="cucumber.api.testng.AbstractTestNGCucumberTests"/>
      </group> <!-- cucumber -->
    </groups>
    <test name="Default test" duration-ms="33916" started-at="2020-03-10T18:08:33Z" finished-at="2020-03-10T18:09:07Z">
      <class name="runners.MainRunner">
        <test-method status="PASS" signature="setUpClass()[pri:0, instance:runners.MainRunner@5f2108b5]" name="setUpClass" is-config="true" duration-ms="269" started-at="2020-03-10T14:08:33Z" finished-at="2020-03-10T14:08:33Z">
          <reporter-output>
          </reporter-output>
        </test-method> <!-- setUpClass -->
        <test-method status="PASS" signature="feature(cucumber.api.testng.CucumberFeatureWrapper)[pri:0, instance:runners.MainRunner@5f2108b5]" name="feature" duration-ms="33248" started-at="2020-03-10T14:08:33Z" description="Runs Cucumber Feature" data-provider="features" finished-at="2020-03-10T14:09:06Z">
          <params>
            <param index="0">
              <value>
                <![CDATA[Search Job in Proquest Application]]>
              </value>
            </param>
          </params>
          <reporter-output>
          </reporter-output>
        </test-method> <!-- feature -->
        <test-method status="PASS" signature="writeExtentReport()[pri:0, instance:runners.MainRunner@5f2108b5]" name="writeExtentReport" is-config="true" duration-ms="12" started-at="2020-03-10T14:09:06Z" finished-at="2020-03-10T14:09:06Z">
          <reporter-output>
          </reporter-output>
        </test-method> <!-- writeExtentReport -->
        <test-method status="PASS" signature="tearDownClass()[pri:0, instance:runners.MainRunner@5f2108b5]" name="tearDownClass" is-config="true" duration-ms="278" started-at="2020-03-10T14:09:06Z" finished-at="2020-03-10T14:09:07Z">
          <reporter-output>
          </reporter-output>
        </test-method> <!-- tearDownClass -->
      </class> <!-- runners.MainRunner -->
    </test> <!-- Default test -->
  </suite> <!-- Default suite -->
</testng-results>
